<?xml version="1.0" encoding="UTF-8"?>
<!-- Generated by org.testng.reporters.JUnitXMLReporter -->
<testsuite hostname="SUDHAPAT-IN" ignored="1" name="Default test" tests="1" failures="0" timestamp="2022-11-05T09:12:43 IST" time="25.778" errors="0">
  <testcase name="fileUploadUsingAUtoIT" time="9.656" classname="com.actitime.tests.FileUploadUsingAutoITAndRobot"/>
  <testcase name="fileUploadUsingRobotClass" time="0.0" classname="com.actitime.tests.FileUploadUsingAutoITAndRobot">
    <ignored/>
  </testcase> <!-- fileUploadUsingRobotClass -->
</testsuite> <!-- Default test -->
