<?xml version="1.0" encoding="UTF-8"?>
<!-- Generated by org.testng.reporters.JUnitXMLReporter -->
<testsuite hostname="SUDHAPAT-IN" ignored="0" name="login" tests="2" failures="1" timestamp="2022-11-07T08:47:14 IST" time="40.162" errors="0">
  <testcase name="login_001" time="5.469" classname="com.actitime.tests.Login"/>
  <testcase name="login_002" time="5.434" classname="com.actitime.tests.Login">
    <failure type="java.lang.AssertionError" message="The Logout link not seen Login_002 Failed expected [false] but found [true]">
      <![CDATA[java.lang.AssertionError: The Logout link not seen Login_002 Failed expected [false] but found [true]
at com.actitime.tests.Login.login_002(Login.java:50)
at java.util.ArrayList.forEach(ArrayList.java:1257)
... Removed 34 stack frames]]>
    </failure>
  </testcase> <!-- login_002 -->
</testsuite> <!-- login -->
