<?xml version="1.0" encoding="UTF-8"?>
<testsuite xmlns:xsi="http://www.w3.org/2001/XMLSchema-instance" xsi:noNamespaceSchemaLocation="https://maven.apache.org/surefire/maven-surefire-plugin/xsd/surefire-test-report-3.0.xsd" version="3.0" name="TestSuite" time="42.621" tests="2" errors="0" skipped="0" failures="1">
  <properties>
[...]
</properties>
  <testcase name="login_001" classname="com.actitime.tests.Login" time="5.474">
    <system-out><![CDATA[[Configuration] [WARN] Detected a static method [com.actitime.base.BaseClass.beforeTestMethod()]. Static configuration methods can cause  unexpected behavior.
[Configuration] [WARN] Detected a static method [com.actitime.base.BaseClass.afterTestMethod()]. Static configuration methods can cause  unexpected behavior.
[Configuration] [WARN] Detected a static method [com.actitime.base.BaseClass.beforeClassMethod()]. Static configuration methods can cause  unexpected behavior.
[Configuration] [WARN] Detected a static method [com.actitime.base.BaseClass.afterClassMethod()]. Static configuration methods can cause  unexpected behavior.
[Configuration] [WARN] Detected a static method [com.actitime.base.BaseClass.launchActiTimeApplication()]. Static configuration methods can cause  unexpected behavior.
[Configuration] [WARN] Detected a static method [com.actitime.base.BaseClass.closeBrowser()]. Static configuration methods can cause  unexpected behavior.
08:46:35.122 [main] INFO  com.actitime.base.BaseClass -  This method will run before every test case. i.e every @Test method...
08:46:35.122 [main] INFO  com.actitime.base.BaseClass -  This method will run before every test case. i.e every @Test method...
08:46:35.128 [main] INFO  com.actitime.base.BaseClass -  Running the test cases using chrome browser.....
08:46:35.128 [main] INFO  com.actitime.base.BaseClass -  Running the test cases using chrome browser.....
08:46:49.523 [main] INFO  com.actitime.base.BaseClass -  Starting the test case login_001
08:46:49.523 [main] INFO  com.actitime.base.BaseClass -  Starting the test case login_001
08:46:54.912 [main] INFO  com.actitime.base.BaseClass - Chcking for the logout link post login
08:46:54.912 [main] INFO  com.actitime.base.BaseClass - Chcking for the logout link post login
08:46:54.995 [main] INFO  com.actitime.base.BaseClass -  The test case by name login_001 is Pass
08:46:54.995 [main] INFO  com.actitime.base.BaseClass -  The test case by name login_001 is Pass
]]></system-out>
    <system-err><![CDATA[SLF4J: Failed to load class "org.slf4j.impl.StaticLoggerBinder".
SLF4J: Defaulting to no-operation (NOP) logger implementation
SLF4J: See http://www.slf4j.org/codes.html#StaticLoggerBinder for further details.
Starting ChromeDriver 106.0.5249.61 (511755355844955cd3e264779baf0dd38212a4d0-refs/branch-heads/5249@{#569}) on port 52554
Only local connections are allowed.
Please see https://chromedriver.chromium.org/security-considerations for suggestions on keeping ChromeDriver safe.
ChromeDriver was started successfully.
[1667790999.530][WARNING]: This version of ChromeDriver has not been tested with Chrome version 107.
Nov 07, 2022 8:46:40 AM org.openqa.selenium.remote.ProtocolHandshake createSession
INFO: Detected upstream dialect: W3C
Nov 07, 2022 8:46:40 AM org.openqa.selenium.devtools.CdpVersionFinder findNearestMatch
WARNING: Unable to find an exact match for CDP version 107, so returning the closest version found: 106
Nov 07, 2022 8:46:40 AM org.openqa.selenium.devtools.CdpVersionFinder findNearestMatch
INFO: Found CDP implementation for version 107 of 106
]]></system-err>
  </testcase>
  <testcase name="login_002" classname="com.actitime.tests.Login" time="5.705">
    <failure message="The Logout link not seen Login_002 Failed expected [false] but found [true]" type="java.lang.AssertionError"><![CDATA[java.lang.AssertionError: The Logout link not seen Login_002 Failed expected [false] but found [true]
	at org.testng.Assert.fail(Assert.java:99)
	at org.testng.Assert.failNotEquals(Assert.java:1037)
	at org.testng.Assert.assertFalse(Assert.java:67)
	at com.actitime.tests.Login.login_002(Login.java:50)
	at sun.reflect.NativeMethodAccessorImpl.invoke0(Native Method)
	at sun.reflect.NativeMethodAccessorImpl.invoke(NativeMethodAccessorImpl.java:62)
	at sun.reflect.DelegatingMethodAccessorImpl.invoke(DelegatingMethodAccessorImpl.java:43)
	at java.lang.reflect.Method.invoke(Method.java:498)
	at org.testng.internal.MethodInvocationHelper.invokeMethod(MethodInvocationHelper.java:133)
	at org.testng.internal.TestInvoker.invokeMethod(TestInvoker.java:598)
	at org.testng.internal.TestInvoker.invokeTestMethod(TestInvoker.java:173)
	at org.testng.internal.MethodRunner.runInSequence(MethodRunner.java:46)
	at org.testng.internal.TestInvoker$MethodInvocationAgent.invoke(TestInvoker.java:824)
	at org.testng.internal.TestInvoker.invokeTestMethods(TestInvoker.java:146)
	at org.testng.internal.TestMethodWorker.invokeTestMethods(TestMethodWorker.java:146)
	at org.testng.internal.TestMethodWorker.run(TestMethodWorker.java:128)
	at java.util.ArrayList.forEach(ArrayList.java:1257)
	at org.testng.TestRunner.privateRun(TestRunner.java:794)
	at org.testng.TestRunner.run(TestRunner.java:596)
	at org.testng.SuiteRunner.runTest(SuiteRunner.java:377)
	at org.testng.SuiteRunner.runSequentially(SuiteRunner.java:371)
	at org.testng.SuiteRunner.privateRun(SuiteRunner.java:332)
	at org.testng.SuiteRunner.run(SuiteRunner.java:276)
	at org.testng.SuiteRunnerWorker.runSuite(SuiteRunnerWorker.java:53)
	at org.testng.SuiteRunnerWorker.run(SuiteRunnerWorker.java:96)
	at org.testng.TestNG.runSuitesSequentially(TestNG.java:1212)
	at org.testng.TestNG.runSuitesLocally(TestNG.java:1134)
	at org.testng.TestNG.runSuites(TestNG.java:1063)
	at org.testng.TestNG.run(TestNG.java:1031)
	at org.apache.maven.surefire.testng.TestNGExecutor.run(TestNGExecutor.java:324)
	at org.apache.maven.surefire.testng.TestNGXmlTestSuite.execute(TestNGXmlTestSuite.java:74)
	at org.apache.maven.surefire.testng.TestNGProvider.invoke(TestNGProvider.java:123)
	at org.apache.maven.surefire.booter.ForkedBooter.runSuitesInProcess(ForkedBooter.java:456)
	at org.apache.maven.surefire.booter.ForkedBooter.execute(ForkedBooter.java:169)
	at org.apache.maven.surefire.booter.ForkedBooter.run(ForkedBooter.java:595)
	at org.apache.maven.surefire.booter.ForkedBooter.main(ForkedBooter.java:581)
]]></failure>
    <system-out><![CDATA[08:46:54.997 [main] INFO  com.actitime.base.BaseClass -  This method will run after every test case. i.e every @Test method...
08:46:54.997 [main] INFO  com.actitime.base.BaseClass -  This method will run after every test case. i.e every @Test method...
08:46:55.949 [main] INFO  com.actitime.base.BaseClass -  This method will run before every test case. i.e every @Test method...
08:46:55.949 [main] INFO  com.actitime.base.BaseClass -  This method will run before every test case. i.e every @Test method...
08:46:55.952 [main] INFO  com.actitime.base.BaseClass -  Running the test cases using chrome browser.....
08:46:55.952 [main] INFO  com.actitime.base.BaseClass -  Running the test cases using chrome browser.....
08:47:07.457 [main] INFO  com.actitime.base.BaseClass -  Starting the test case login_002
08:47:07.457 [main] INFO  com.actitime.base.BaseClass -  Starting the test case login_002
08:47:12.832 [main] INFO  com.actitime.base.BaseClass - Chcking for the logout link post login
08:47:12.832 [main] INFO  com.actitime.base.BaseClass - Chcking for the logout link post login
08:47:13.154 [main] ERROR com.actitime.base.BaseClass - [org.testng.Assert.fail(Assert.java:99)
 org.testng.Assert.failNotEquals(Assert.java:1037)
 org.testng.Assert.assertFalse(Assert.java:67)
 com.actitime.tests.Login.login_002(Login.java:50)
 sun.reflect.NativeMethodAccessorImpl.invoke0(Native Method)
 sun.reflect.NativeMethodAccessorImpl.invoke(NativeMethodAccessorImpl.java:62)
 sun.reflect.DelegatingMethodAccessorImpl.invoke(DelegatingMethodAccessorImpl.java:43)
 java.lang.reflect.Method.invoke(Method.java:498)
 org.testng.internal.MethodInvocationHelper.invokeMethod(MethodInvocationHelper.java:133)
 org.testng.internal.TestInvoker.invokeMethod(TestInvoker.java:598)
 org.testng.internal.TestInvoker.invokeTestMethod(TestInvoker.java:173)
 org.testng.internal.MethodRunner.runInSequence(MethodRunner.java:46)
 org.testng.internal.TestInvoker$MethodInvocationAgent.invoke(TestInvoker.java:824)
 org.testng.internal.TestInvoker.invokeTestMethods(TestInvoker.java:146)
 org.testng.internal.TestMethodWorker.invokeTestMethods(TestMethodWorker.java:146)
 org.testng.internal.TestMethodWorker.run(TestMethodWorker.java:128)
 java.util.ArrayList.forEach(ArrayList.java:1257)
 org.testng.TestRunner.privateRun(TestRunner.java:794)
 org.testng.TestRunner.run(TestRunner.java:596)
 org.testng.SuiteRunner.runTest(SuiteRunner.java:377)
 org.testng.SuiteRunner.runSequentially(SuiteRunner.java:371)
 org.testng.SuiteRunner.privateRun(SuiteRunner.java:332)
 org.testng.SuiteRunner.run(SuiteRunner.java:276)
 org.testng.SuiteRunnerWorker.runSuite(SuiteRunnerWorker.java:53)
 org.testng.SuiteRunnerWorker.run(SuiteRunnerWorker.java:96)
 org.testng.TestNG.runSuitesSequentially(TestNG.java:1212)
 org.testng.TestNG.runSuitesLocally(TestNG.java:1134)
 org.testng.TestNG.runSuites(TestNG.java:1063)
 org.testng.TestNG.run(TestNG.java:1031)
 org.apache.maven.surefire.testng.TestNGExecutor.run(TestNGExecutor.java:324)
 org.apache.maven.surefire.testng.TestNGXmlTestSuite.execute(TestNGXmlTestSuite.java:74)
 org.apache.maven.surefire.testng.TestNGProvider.invoke(TestNGProvider.java:123)
 org.apache.maven.surefire.booter.ForkedBooter.runSuitesInProcess(ForkedBooter.java:456)
 org.apache.maven.surefire.booter.ForkedBooter.execute(ForkedBooter.java:169)
 org.apache.maven.surefire.booter.ForkedBooter.run(ForkedBooter.java:595)
 org.apache.maven.surefire.booter.ForkedBooter.main(ForkedBooter.java:581)]
08:47:13.154 [main] ERROR com.actitime.base.BaseClass - [org.testng.Assert.fail(Assert.java:99)
 org.testng.Assert.failNotEquals(Assert.java:1037)
 org.testng.Assert.assertFalse(Assert.java:67)
 com.actitime.tests.Login.login_002(Login.java:50)
 sun.reflect.NativeMethodAccessorImpl.invoke0(Native Method)
 sun.reflect.NativeMethodAccessorImpl.invoke(NativeMethodAccessorImpl.java:62)
 sun.reflect.DelegatingMethodAccessorImpl.invoke(DelegatingMethodAccessorImpl.java:43)
 java.lang.reflect.Method.invoke(Method.java:498)
 org.testng.internal.MethodInvocationHelper.invokeMethod(MethodInvocationHelper.java:133)
 org.testng.internal.TestInvoker.invokeMethod(TestInvoker.java:598)
 org.testng.internal.TestInvoker.invokeTestMethod(TestInvoker.java:173)
 org.testng.internal.MethodRunner.runInSequence(MethodRunner.java:46)
 org.testng.internal.TestInvoker$MethodInvocationAgent.invoke(TestInvoker.java:824)
 org.testng.internal.TestInvoker.invokeTestMethods(TestInvoker.java:146)
 org.testng.internal.TestMethodWorker.invokeTestMethods(TestMethodWorker.java:146)
 org.testng.internal.TestMethodWorker.run(TestMethodWorker.java:128)
 java.util.ArrayList.forEach(ArrayList.java:1257)
 org.testng.TestRunner.privateRun(TestRunner.java:794)
 org.testng.TestRunner.run(TestRunner.java:596)
 org.testng.SuiteRunner.runTest(SuiteRunner.java:377)
 org.testng.SuiteRunner.runSequentially(SuiteRunner.java:371)
 org.testng.SuiteRunner.privateRun(SuiteRunner.java:332)
 org.testng.SuiteRunner.run(SuiteRunner.java:276)
 org.testng.SuiteRunnerWorker.runSuite(SuiteRunnerWorker.java:53)
 org.testng.SuiteRunnerWorker.run(SuiteRunnerWorker.java:96)
 org.testng.TestNG.runSuitesSequentially(TestNG.java:1212)
 org.testng.TestNG.runSuitesLocally(TestNG.java:1134)
 org.testng.TestNG.runSuites(TestNG.java:1063)
 org.testng.TestNG.run(TestNG.java:1031)
 org.apache.maven.surefire.testng.TestNGExecutor.run(TestNGExecutor.java:324)
 org.apache.maven.surefire.testng.TestNGXmlTestSuite.execute(TestNGXmlTestSuite.java:74)
 org.apache.maven.surefire.testng.TestNGProvider.invoke(TestNGProvider.java:123)
 org.apache.maven.surefire.booter.ForkedBooter.runSuitesInProcess(ForkedBooter.java:456)
 org.apache.maven.surefire.booter.ForkedBooter.execute(ForkedBooter.java:169)
 org.apache.maven.surefire.booter.ForkedBooter.run(ForkedBooter.java:595)
 org.apache.maven.surefire.booter.ForkedBooter.main(ForkedBooter.java:581)]
]]></system-out>
    <system-err><![CDATA[Starting ChromeDriver 106.0.5249.61 (511755355844955cd3e264779baf0dd38212a4d0-refs/branch-heads/5249@{#569}) on port 64219
Only local connections are allowed.
Please see https://chromedriver.chromium.org/security-considerations for suggestions on keeping ChromeDriver safe.
ChromeDriver was started successfully.
[1667791017.350][WARNING]: This version of ChromeDriver has not been tested with Chrome version 107.
Nov 07, 2022 8:46:57 AM org.openqa.selenium.remote.ProtocolHandshake createSession
INFO: Detected upstream dialect: W3C
Nov 07, 2022 8:46:57 AM org.openqa.selenium.devtools.CdpVersionFinder findNearestMatch
WARNING: Unable to find an exact match for CDP version 107, so returning the closest version found: 106
Nov 07, 2022 8:46:57 AM org.openqa.selenium.devtools.CdpVersionFinder findNearestMatch
INFO: Found CDP implementation for version 107 of 106
]]></system-err>
  </testcase>
</testsuite>